<?xml version="1.0" encoding="UTF-8"?>
<robot generator="Robot 6.0.1 (Python 3.10.5 on darwin)" generated="20221104 20:11:10.090" rpa="false" schemaversion="3">
<suite id="s1" name="Robot Framework Rahul" source="/Users/mikesoloman/Desktop/robot_framework_rahul">
<suite id="s1-s1" name="Tests" source="/Users/mikesoloman/Desktop/robot_framework_rahul/tests">
<suite id="s1-s1-s1" name="Test1 Demo" source="/Users/mikesoloman/Desktop/robot_framework_rahul/tests/test1_demo.robot">
<test id="s1-s1-s1-t1" name="Validate Succesful Login" line="8">
<kw name="Open the browser with the Mortgage payemnt url">
<kw name="Create Webdriver" library="SeleniumLibrary">
<arg>Chrome</arg>
<arg>executable_path=/Users/mikesoloman/Desktop/robot_framework_rahul/chromedriver</arg>
<doc>Creates an instance of Selenium WebDriver.</doc>
<msg timestamp="20221104 20:11:10.262" level="INFO">Creating an instance of the Chrome WebDriver.</msg>
<status status="PASS" starttime="20221104 20:11:10.262" endtime="20221104 20:11:15.897"/>
</kw>
<kw name="Go To" library="SeleniumLibrary">
<arg>https://rahulshettyacademy.com/loginpagePractise/</arg>
<doc>Navigates the current browser window to the provided ``url``.</doc>
<msg timestamp="20221104 20:11:15.898" level="INFO">Opening url 'https://rahulshettyacademy.com/loginpagePractise/'</msg>
<status status="PASS" starttime="20221104 20:11:15.898" endtime="20221104 20:11:17.638"/>
</kw>
<status status="PASS" starttime="20221104 20:11:10.262" endtime="20221104 20:11:17.638"/>
</kw>
<kw name="Fill the login Form">
<kw name="Input Text" library="SeleniumLibrary">
<arg>id:username</arg>
<arg>elLokoSoloMan</arg>
<doc>Types the given ``text`` into the text field identified by ``locator``.</doc>
<msg timestamp="20221104 20:11:17.639" level="INFO">Typing text 'elLokoSoloMan' into text field 'id:username'.</msg>
<status status="PASS" starttime="20221104 20:11:17.638" endtime="20221104 20:11:18.057"/>
</kw>
<kw name="Input Password" library="SeleniumLibrary">
<arg>id:password</arg>
<arg>ElLoko</arg>
<doc>Types the given password into the text field identified by ``locator``.</doc>
<msg timestamp="20221104 20:11:18.057" level="INFO">Typing password into text field 'id:password'.</msg>
<msg timestamp="20221104 20:11:18.090" level="INFO">Temporally setting log level to: NONE</msg>
<msg timestamp="20221104 20:11:18.143" level="INFO">Log level changed from NONE to INFO.</msg>
<status status="PASS" starttime="20221104 20:11:18.057" endtime="20221104 20:11:18.143"/>
</kw>
<status status="PASS" starttime="20221104 20:11:17.638" endtime="20221104 20:11:18.144"/>
</kw>
<status status="PASS" starttime="20221104 20:11:10.261" endtime="20221104 20:11:18.144"/>
</test>
<doc>To validate the Login Form</doc>
<status status="PASS" starttime="20221104 20:11:10.106" endtime="20221104 20:11:18.144"/>
</suite>
<status status="PASS" starttime="20221104 20:11:10.105" endtime="20221104 20:11:18.145"/>
</suite>
<status status="PASS" starttime="20221104 20:11:10.091" endtime="20221104 20:11:18.145"/>
</suite>
<statistics>
<total>
<stat pass="1" fail="0" skip="0">All Tests</stat>
</total>
<tag>
</tag>
<suite>
<stat pass="1" fail="0" skip="0" id="s1" name="Robot Framework Rahul">Robot Framework Rahul</stat>
<stat pass="1" fail="0" skip="0" id="s1-s1" name="Tests">Robot Framework Rahul.Tests</stat>
<stat pass="1" fail="0" skip="0" id="s1-s1-s1" name="Test1 Demo">Robot Framework Rahul.Tests.Test1 Demo</stat>
</suite>
</statistics>
<errors>
</errors>
</robot>
